d:\users\user\documents\github\gep1\gep1\debug\vc141.pdb
d:\users\user\documents\github\gep1\gep1\debug\vc141.idb
d:\users\user\documents\github\gep1\gep1\debug\window.obj
d:\users\user\documents\github\gep1\gep1\debug\vec3f.obj
d:\users\user\documents\github\gep1\gep1\debug\questmanager.obj
d:\users\user\documents\github\gep1\gep1\debug\md2model.obj
d:\users\user\documents\github\gep1\gep1\debug\main.obj
d:\users\user\documents\github\gep1\gep1\debug\imgui_impl_glut.obj
d:\users\user\documents\github\gep1\gep1\debug\imgui_draw.obj
d:\users\user\documents\github\gep1\gep1\debug\imgui_demo.obj
d:\users\user\documents\github\gep1\gep1\debug\imgui.obj
d:\users\user\documents\github\gep1\gep1\debug\imageloader.obj
d:\users\user\documents\github\gep1\gep1\debug\drawaspot.obj
d:\users\user\documents\github\gep1\gep1\debug\drawasphere.obj
d:\users\user\documents\github\gep1\gep1\debug\drawline.obj
d:\users\user\documents\github\gep1\gep1\debug\drawcube.obj
d:\users\user\documents\github\gep1\gep1\debug\drawspot.obj
d:\users\user\documents\github\gep1\gep1\debug\drawsphere.obj
d:\users\user\documents\github\gep1\debug\gep1.exe
d:\users\user\documents\github\gep1\debug\gep1.ilk
d:\users\user\documents\github\gep1\debug\gep1.pdb
d:\users\user\documents\github\gep1\gep1\debug\drawacube.obj
d:\users\user\documents\github\gep1\gep1\debug\drawaline.obj
d:\users\user\documents\github\gep1\gep1\debug\questgui.obj
d:\users\user\documents\github\gep1\gep1\debug\gep1.tlog\cl.command.1.tlog
d:\users\user\documents\github\gep1\gep1\debug\gep1.tlog\cl.read.1.tlog
d:\users\user\documents\github\gep1\gep1\debug\gep1.tlog\cl.write.1.tlog
d:\users\user\documents\github\gep1\gep1\debug\gep1.tlog\link.command.1.tlog
d:\users\user\documents\github\gep1\gep1\debug\gep1.tlog\link.read.1.tlog
d:\users\user\documents\github\gep1\gep1\debug\gep1.tlog\link.write.1.tlog
